[Browsersync] Access URLs:
 --------------------------------------
       Local: http://localhost:3000
    External: http://192.168.0.198:3000
 --------------------------------------
          UI: http://localhost:3001
 UI External: http://192.168.0.198:3001
 --------------------------------------
[Browsersync] Serving files from: ./
[Browsersync] Watching files...
[Browsersync] File event [change] : style.css
[Browsersync] File event [change] : style.css
[Browsersync] File event [change] : style.css
[Browsersync] Reloading Browsers...
[Browsersync] File event [change] : style.css
[Browsersync] Reloading Browsers...
[Browsersync] File event [change] : style.css
[Browsersync] File event [change] : style.css
[Browsersync] File event [change] : style.css
[Browsersync] Reloading Browsers...
[Browsersync] File event [change] : style.css
[Browsersync] File event [change] : style.css
[Browsersync] File event [change] : style.css
[Browsersync] File event [change] : style.css
[Browsersync] File event [change] : style.css
[Browsersync] File event [change] : style.css
[Browsersync] File event [change] : style.css
[Browsersync] File event [change] : style.css
[Browsersync] File event [change] : style.css
[Browsersync] File event [change] : style.css
[Browsersync] File event [change] : style.css
[Browsersync] File event [change] : style.css
[Browsersync] File event [change] : style.css
[Browsersync] File event [change] : style.css
[Browsersync] File event [change] : style.css
[Browsersync] File event [change] : style.css
[Browsersync] Reloading Browsers...
[Browsersync] File event [change] : style.css
[Browsersync] File event [change] : style.css
[Browsersync] Reloading Browsers...
[Browsersync] Reloading Browsers...
[Browsersync] Reloading Browsers...
[Browsersync] Reloading Browsers...
[Browsersync] Reloading Browsers...
[Browsersync] Reloading Browsers...
[Browsersync] Reloading Browsers...
[Browsersync] Reloading Browsers...
[Browsersync] Reloading Browsers...
[Browsersync] File event [change] : style.css
[Browsersync] Reloading Browsers...
[Browsersync] Reloading Browsers...
[Browsersync] Reloading Browsers...
[Browsersync] Reloading Browsers...
[Browsersync] Reloading Browsers...
[Browsersync] Reloading Browsers...
[Browsersync] Reloading Browsers...
[Browsersync] File event [change] : style.css
[Browsersync] File event [change] : style.css
[Browsersync] Reloading Browsers...
[Browsersync] Reloading Browsers...
[Browsersync] Reloading Browsers...
[Browsersync] Reloading Browsers...
[Browsersync] File event [change] : style.css
[Browsersync] File event [change] : style.css
[Browsersync] File event [change] : style.css
[Browsersync] File event [change] : style.css
[Browsersync] File event [change] : style.css
[Browsersync] File event [change] : style.css
[Browsersync] File event [change] : style.css
[Browsersync] File event [change] : style.css
[Browsersync] File event [change] : style.css
[Browsersync] File event [change] : style.css
[Browsersync] File event [change] : style.css
[Browsersync] File event [change] : style.css
[Browsersync] File event [change] : style.css
[Browsersync] File event [change] : style.css
[Browsersync] File event [change] : style.css
[Browsersync] File event [change] : style.css
[Browsersync] File event [change] : style.css
[Browsersync] Reloading Browsers...
[Browsersync] File event [change] : style.css
[Browsersync] File event [change] : style.css
[Browsersync] File event [change] : style.css
[Browsersync] File event [change] : style.css
[Browsersync] File event [change] : style.css
[Browsersync] Reloading Browsers...
[Browsersync] Reloading Browsers...
[Browsersync] Reloading Browsers...
[Browsersync] Reloading Browsers...
[Browsersync] Reloading Browsers...
[Browsersync] Reloading Browsers...
[Browsersync] Reloading Browsers...
[Browsersync] Reloading Browsers...
[Browsersync] File event [change] : style.css
[Browsersync] Reloading Browsers...
[Browsersync] Reloading Browsers...
[Browsersync] Reloading Browsers...
[Browsersync] Reloading Browsers...
[Browsersync] Reloading Browsers...
[Browsersync] Reloading Browsers...
[Browsersync] Reloading Browsers...
[Browsersync] File event [change] : style.css
[Browsersync] Reloading Browsers...
[Browsersync] Reloading Browsers...
[Browsersync] Reloading Browsers...
[Browsersync] Reloading Browsers...
[Browsersync] Reloading Browsers...
[Browsersync] Reloading Browsers...
[Browsersync] Reloading Browsers...
[Browsersync] File event [change] : style.css
[Browsersync] File event [change] : style.css
[Browsersync] File event [change] : style.css
[Browsersync] File event [change] : style.css
[Browsersync] File event [change] : style.css
[Browsersync] File event [change] : style.css
[Browsersync] File event [change] : style.css
[Browsersync] Couldn't open browser (if you are using BrowserSync in a headless environment, you might want to set the open option to false)
[Browsersync] Access URLs:
 --------------------------------------
       Local: http://localhost:3000
    External: http://192.168.0.198:3000
 --------------------------------------
          UI: http://localhost:3001
 UI External: http://192.168.0.198:3001
 --------------------------------------
[Browsersync] Serving files from: ./
[Browsersync] Watching files...
[Browsersync] File event [change] : style.css
[Browsersync] File event [change] : style.css
[Browsersync] File event [change] : style.css
[Browsersync] File event [change] : style.css
[Browsersync] File event [change] : style.css
[Browsersync] File event [change] : style.css
[Browsersync] File event [change] : style.css
[Browsersync] File event [change] : style.css
[Browsersync] Reloading Browsers...
[Browsersync] Reloading Browsers...
[Browsersync] File event [change] : style.css
[Browsersync] File event [change] : style.css
[Browsersync] File event [change] : style.css
[Browsersync] Reloading Browsers...
[Browsersync] Reloading Browsers...
[Browsersync] Reloading Browsers...
[Browsersync] File event [change] : style.css
[Browsersync] File event [change] : style.css
[Browsersync] File event [change] : style.css
[Browsersync] File event [change] : style.css
[Browsersync] File event [change] : style.css
[Browsersync] Reloading Browsers...
[Browsersync] Access URLs:
 --------------------------------------
       Local: http://localhost:3000
    External: http://192.168.0.198:3000
 --------------------------------------
          UI: http://localhost:3001
 UI External: http://192.168.0.198:3001
 --------------------------------------
[Browsersync] Serving files from: ./
[Browsersync] Watching files...
[Browsersync] File event [change] : style.css
[Browsersync] File event [change] : style.css
[Browsersync] File event [change] : style.css
[Browsersync] File event [change] : style.css
[Browsersync] File event [change] : style.css
[Browsersync] File event [change] : style.css
[Browsersync] File event [change] : style.css
[Browsersync] Reloading Browsers...
[Browsersync] Reloading Browsers...
[Browsersync] Reloading Browsers...
[Browsersync] File event [change] : style.css
[Browsersync] Reloading Browsers...
[Browsersync] File event [change] : style.css
[Browsersync] File event [change] : style.css
[Browsersync] File event [change] : style.css
[Browsersync] File event [change] : style.css
[Browsersync] Reloading Browsers...
[Browsersync] File event [change] : style.css
[Browsersync] File event [change] : style.css
[Browsersync] File event [change] : style.css
[Browsersync] File event [change] : style.css
[Browsersync] File event [change] : style.css
[Browsersync] Reloading Browsers...
[Browsersync] File event [change] : style.css
[Browsersync] File event [change] : style.css
[Browsersync] File event [change] : style.css
[Browsersync] File event [change] : style.css
[Browsersync] File event [change] : style.css
[Browsersync] File event [change] : style.css
[Browsersync] File event [change] : style.css
[Browsersync] Access URLs:
 --------------------------------------
       Local: http://localhost:3000
    External: http://192.168.0.198:3000
 --------------------------------------
          UI: http://localhost:3001
 UI External: http://192.168.0.198:3001
 --------------------------------------
[Browsersync] Serving files from: ./
[Browsersync] Watching files...
[Browsersync] Reloading Browsers...
[Browsersync] Reloading Browsers...
[Browsersync] Reloading Browsers...
[Browsersync] File event [change] : style.css
[Browsersync] File event [change] : style.css
[Browsersync] File event [change] : style.css
[Browsersync] File event [change] : style.css
[Browsersync] File event [change] : style.css
[Browsersync] File event [change] : style.css
[Browsersync] Reloading Browsers...
[Browsersync] File event [change] : style.css
[Browsersync] File event [change] : style.css
[Browsersync] File event [change] : style.css
[Browsersync] File event [change] : style.css
[Browsersync] File event [change] : style.css
[Browsersync] Reloading Browsers...
[Browsersync] File event [change] : style.css
[Browsersync] Reloading Browsers...
[Browsersync] Reloading Browsers...
[Browsersync] Reloading Browsers...
[Browsersync] Reloading Browsers...
[Browsersync] Reloading Browsers...
[Browsersync] Reloading Browsers...
[Browsersync] Reloading Browsers...
[Browsersync] File event [change] : style.css
[Browsersync] File event [change] : style.css
[Browsersync] File event [change] : style.css
[Browsersync] File event [change] : style.css
[Browsersync] File event [change] : style.css
[Browsersync] File event [change] : style.css
[Browsersync] File event [change] : style.css
[Browsersync] File event [change] : style.css
[Browsersync] File event [change] : style.css
[Browsersync] File event [change] : style.css
[Browsersync] File event [change] : style.css
[Browsersync] File event [change] : style.css
[Browsersync] Reloading Browsers...
[Browsersync] File event [change] : style.css
[Browsersync] File event [change] : style.css
[Browsersync] File event [change] : style.css
[Browsersync] File event [change] : style.css
[Browsersync] File event [change] : style.css
[Browsersync] File event [change] : style.css
[Browsersync] File event [change] : style.css
[Browsersync] File event [change] : style.css
[Browsersync] File event [change] : style.css
[Browsersync] File event [change] : style.css
[Browsersync] File event [change] : style.css
[Browsersync] File event [change] : style.css
[Browsersync] File event [change] : style.css
[Browsersync] File event [change] : style.css
[Browsersync] File event [change] : style.css
[Browsersync] File event [change] : style.css
[Browsersync] File event [change] : style.css
[Browsersync] File event [change] : style.css
[Browsersync] File event [change] : style.css
[Browsersync] File event [change] : style.css
[Browsersync] File event [change] : style.css
[Browsersync] File event [change] : style.css
[Browsersync] File event [change] : style.css
[Browsersync] File event [change] : style.css
[Browsersync] File event [change] : style.css
[Browsersync] File event [change] : style.css
[Browsersync] File event [change] : style.css
[Browsersync] File event [change] : style.css
[Browsersync] File event [change] : style.css
[Browsersync] File event [change] : style.css
[Browsersync] File event [change] : style.css
[Browsersync] File event [change] : style.css
[Browsersync] File event [change] : style.css
[Browsersync] File event [change] : style.css
[Browsersync] File event [change] : style.css
[Browsersync] File event [change] : style.css
[Browsersync] File event [change] : style.css
[Browsersync] File event [change] : style.css
[Browsersync] File event [change] : style.css
[Browsersync] Reloading Browsers...
[Browsersync] Reloading Browsers...
[Browsersync] File event [change] : style.css
[Browsersync] Reloading Browsers...
[Browsersync] File event [change] : style.css
[Browsersync] Reloading Browsers...
[Browsersync] File event [change] : style.css
[Browsersync] File event [change] : style.css
[Browsersync] File event [change] : style.css
[Browsersync] File event [change] : style.css
[Browsersync] File event [change] : style.css
[Browsersync] File event [change] : style.css
[Browsersync] File event [change] : style.css
[Browsersync] File event [change] : style.css
[Browsersync] File event [change] : style.css
[Browsersync] File event [change] : style.css
[Browsersync] File event [change] : style.css
[Browsersync] File event [change] : style.css
[Browsersync] File event [change] : style.css
[Browsersync] File event [change] : style.css
[Browsersync] File event [change] : style.css
[Browsersync] File event [change] : style.css
[Browsersync] File event [change] : style.css
[Browsersync] File event [change] : style.css
[Browsersync] File event [change] : style.css
[Browsersync] File event [change] : style.css
[Browsersync] File event [change] : style.css
[Browsersync] File event [change] : style.css
[Browsersync] File event [change] : style.css
[Browsersync] File event [change] : style.css
[Browsersync] File event [change] : style.css
[Browsersync] File event [change] : style.css
[Browsersync] File event [change] : style.css
[Browsersync] File event [change] : style.css
[Browsersync] File event [change] : style.css
[Browsersync] File event [change] : style.css
[Browsersync] File event [change] : style.css
[Browsersync] File event [change] : style.css
[Browsersync] File event [change] : style.css
[Browsersync] File event [change] : style.css
[Browsersync] File event [change] : style.css
[Browsersync] File event [change] : style.css
[Browsersync] File event [change] : style.css
[Browsersync] File event [change] : style.css
[Browsersync] File event [change] : style.css
[Browsersync] File event [change] : style.css
[Browsersync] File event [change] : style.css
[Browsersync] File event [change] : style.css
[Browsersync] File event [change] : style.css
[Browsersync] File event [change] : style.css
[Browsersync] File event [change] : style.css
[Browsersync] Reloading Browsers...
[Browsersync] File event [change] : style.css
[Browsersync] File event [change] : style.css
[Browsersync] File event [change] : style.css
[Browsersync] File event [change] : style.css
[Browsersync] File event [change] : style.css
[Browsersync] File event [change] : style.css
[Browsersync] File event [change] : style.css
[Browsersync] File event [change] : style.css
[Browsersync] File event [change] : style.css
[Browsersync] File event [change] : style.css
[Browsersync] File event [change] : style.css
[Browsersync] File event [change] : style.css
[Browsersync] File event [change] : style.css
[Browsersync] File event [change] : style.css
[Browsersync] File event [change] : style.css
[Browsersync] File event [change] : style.css
[Browsersync] File event [change] : style.css
[Browsersync] File event [change] : style.css
[Browsersync] File event [change] : style.css
[Browsersync] File event [change] : style.css
[Browsersync] File event [change] : style.css
[Browsersync] File event [change] : style.css
[Browsersync] File event [change] : style.css
[Browsersync] File event [change] : style.css
[Browsersync] File event [change] : style.css
[Browsersync] File event [change] : style.css
[Browsersync] File event [change] : style.css
[Browsersync] File event [change] : style.css
[Browsersync] File event [change] : style.css
[Browsersync] File event [change] : style.css
[Browsersync] File event [change] : style.css
[Browsersync] File event [change] : style.css
[Browsersync] File event [change] : style.css
[Browsersync] File event [change] : style.css
[Browsersync] File event [change] : style.css
[Browsersync] File event [change] : style.css
[Browsersync] File event [change] : style.css
[Browsersync] File event [change] : style.css
[Browsersync] File event [change] : style.css
[Browsersync] Reloading Browsers...
[Browsersync] Access URLs:
 --------------------------------------
       Local: http://localhost:3000
    External: http://192.168.0.198:3000
 --------------------------------------
          UI: http://localhost:3001
 UI External: http://192.168.0.198:3001
 --------------------------------------
[Browsersync] Serving files from: ./
[Browsersync] Watching files...
[Browsersync] Access URLs:
 --------------------------------------
       Local: http://localhost:3002
    External: http://192.168.0.198:3002
 --------------------------------------
          UI: http://localhost:3003
 UI External: http://192.168.0.198:3003
 --------------------------------------
[Browsersync] Serving files from: ./
[Browsersync] Watching files...
[Browsersync] Reloading Browsers...
[Browsersync] Reloading Browsers...
[Browsersync] Reloading Browsers...
[Browsersync] Reloading Browsers...
[Browsersync] Reloading Browsers...
[Browsersync] Reloading Browsers...
[Browsersync] Reloading Browsers...
[Browsersync] Reloading Browsers...
[Browsersync] Reloading Browsers...
[Browsersync] Reloading Browsers...
[Browsersync] Reloading Browsers...
[Browsersync] Reloading Browsers...
[Browsersync] Reloading Browsers...
[Browsersync] Reloading Browsers...
[Browsersync] Reloading Browsers...
[Browsersync] Reloading Browsers...
[Browsersync] Reloading Browsers...
[Browsersync] Reloading Browsers...
[Browsersync] Reloading Browsers...
[Browsersync] Reloading Browsers...
[Browsersync] Reloading Browsers...
[Browsersync] Reloading Browsers...
[Browsersync] Reloading Browsers...
[Browsersync] Reloading Browsers...
[Browsersync] Reloading Browsers...
[Browsersync] Reloading Browsers...
[Browsersync] Reloading Browsers...
[Browsersync] Reloading Browsers...
[Browsersync] Reloading Browsers...
[Browsersync] Reloading Browsers...
[Browsersync] Reloading Browsers...
[Browsersync] Reloading Browsers...
[Browsersync] Reloading Browsers...
[Browsersync] Reloading Browsers...
[Browsersync] Reloading Browsers...
[Browsersync] Reloading Browsers...
[Browsersync] Reloading Browsers...
[Browsersync] Reloading Browsers...
[Browsersync] Reloading Browsers...
[Browsersync] Reloading Browsers...
[Browsersync] Reloading Browsers...
[Browsersync] Reloading Browsers...
[Browsersync] Reloading Browsers...
[Browsersync] Reloading Browsers...
[Browsersync] Reloading Browsers...
[Browsersync] Reloading Browsers...
[Browsersync] Reloading Browsers...
[Browsersync] Reloading Browsers...
[Browsersync] Reloading Browsers...
[Browsersync] Reloading Browsers...
[Browsersync] Reloading Browsers...
[Browsersync] Reloading Browsers...
[Browsersync] Reloading Browsers...
[Browsersync] Reloading Browsers...
[Browsersync] Reloading Browsers...
[Browsersync] Reloading Browsers...
[Browsersync] Reloading Browsers...
[Browsersync] Reloading Browsers...
[Browsersync] Reloading Browsers...
[Browsersync] Reloading Browsers...
[Browsersync] Reloading Browsers...
[Browsersync] Reloading Browsers...
[Browsersync] Reloading Browsers...
[Browsersync] Reloading Browsers...
[Browsersync] Reloading Browsers...
[Browsersync] Reloading Browsers...
[Browsersync] Reloading Browsers...
[Browsersync] Reloading Browsers...
[Browsersync] Reloading Browsers...
[Browsersync] Reloading Browsers...
[Browsersync] Reloading Browsers...
[Browsersync] Reloading Browsers...
[Browsersync] Reloading Browsers...
[Browsersync] Reloading Browsers...
[Browsersync] Reloading Browsers...
[Browsersync] Reloading Browsers...
[Browsersync] Reloading Browsers...
[Browsersync] Reloading Browsers...
[Browsersync] Reloading Browsers...
[Browsersync] Reloading Browsers...
[Browsersync] Reloading Browsers...
[Browsersync] Reloading Browsers...
[Browsersync] Reloading Browsers...
[Browsersync] Reloading Browsers...
[Browsersync] Reloading Browsers...
[Browsersync] Reloading Browsers...
[Browsersync] Reloading Browsers...
[Browsersync] Reloading Browsers...
[Browsersync] Reloading Browsers...
[Browsersync] Reloading Browsers...
[Browsersync] Reloading Browsers...
[Browsersync] Reloading Browsers...
[Browsersync] Reloading Browsers...
[Browsersync] Reloading Browsers...
[Browsersync] Reloading Browsers...
[Browsersync] Reloading Browsers...
[Browsersync] Reloading Browsers...
[Browsersync] Reloading Browsers...
[Browsersync] Access URLs:
 --------------------------------------
       Local: http://localhost:3000
    External: http://192.168.0.198:3000
 --------------------------------------
          UI: http://localhost:3001
 UI External: http://192.168.0.198:3001
 --------------------------------------
[Browsersync] Serving files from: ./
[Browsersync] Watching files...
[Browsersync] Reloading Browsers...
[Browsersync] Reloading Browsers...
[Browsersync] Reloading Browsers...
[Browsersync] Reloading Browsers...
[Browsersync] Reloading Browsers...
[Browsersync] Reloading Browsers...
[Browsersync] Reloading Browsers...
[Browsersync] Reloading Browsers...
[Browsersync] Reloading Browsers...
[Browsersync] Reloading Browsers...
[Browsersync] Reloading Browsers...
[Browsersync] Reloading Browsers...
[Browsersync] Reloading Browsers...
[Browsersync] Reloading Browsers...
[Browsersync] Reloading Browsers...
[Browsersync] Reloading Browsers...
[Browsersync] Reloading Browsers...
[Browsersync] Reloading Browsers...
[Browsersync] Reloading Browsers...
[Browsersync] Reloading Browsers...
[Browsersync] Reloading Browsers...
[Browsersync] Reloading Browsers...
[Browsersync] Reloading Browsers...
[Browsersync] Reloading Browsers...
[Browsersync] Reloading Browsers...
[Browsersync] Reloading Browsers...
[Browsersync] Reloading Browsers...
[Browsersync] Reloading Browsers...
[Browsersync] Reloading Browsers...
[Browsersync] Reloading Browsers...
[Browsersync] Reloading Browsers...
[Browsersync] Reloading Browsers...
[Browsersync] Reloading Browsers...
[Browsersync] Reloading Browsers...
[Browsersync] Reloading Browsers...
[Browsersync] Reloading Browsers...
[Browsersync] Reloading Browsers...
[Browsersync] Reloading Browsers...
[Browsersync] Reloading Browsers...
[Browsersync] Reloading Browsers...
[Browsersync] Reloading Browsers...
[Browsersync] Reloading Browsers...
[Browsersync] Reloading Browsers...
[Browsersync] Reloading Browsers...
[Browsersync] Reloading Browsers...
[Browsersync] Reloading Browsers...
[Browsersync] Reloading Browsers...
[Browsersync] Reloading Browsers...
[Browsersync] Reloading Browsers...
[Browsersync] Reloading Browsers...
[Browsersync] File event [change] : style.css
[Browsersync] File event [change] : style.css
[Browsersync] Reloading Browsers...
[Browsersync] Reloading Browsers...
[Browsersync] Reloading Browsers...
[Browsersync] Reloading Browsers...
[Browsersync] Reloading Browsers...
[Browsersync] Reloading Browsers...
[Browsersync] Reloading Browsers...
[Browsersync] Reloading Browsers...
[Browsersync] Reloading Browsers...
[Browsersync] Reloading Browsers...
[Browsersync] Reloading Browsers...
[Browsersync] Reloading Browsers...
[Browsersync] Reloading Browsers...
[Browsersync] Reloading Browsers...
[Browsersync] Reloading Browsers...
[Browsersync] Reloading Browsers...
[Browsersync] Reloading Browsers...
[Browsersync] File event [change] : style.css
[Browsersync] Reloading Browsers...
[Browsersync] File event [change] : style.css
[Browsersync] File event [change] : style.css
[Browsersync] Reloading Browsers...
[Browsersync] Reloading Browsers...
[Browsersync] Reloading Browsers...
[Browsersync] Reloading Browsers...
[Browsersync] Reloading Browsers...
[Browsersync] Reloading Browsers...
[Browsersync] File event [change] : style.css
[Browsersync] File event [change] : style.css
[Browsersync] File event [change] : style.css
[Browsersync] Access URLs:
 --------------------------------------
       Local: http://localhost:3002
    External: http://192.168.0.198:3002
 --------------------------------------
          UI: http://localhost:3003
 UI External: http://192.168.0.198:3003
 --------------------------------------
[Browsersync] Serving files from: ./
[Browsersync] Watching files...
[Browsersync] Reloading Browsers...
[Browsersync] Reloading Browsers...
[Browsersync] Access URLs:
 --------------------------------------
       Local: http://localhost:3000
    External: http://192.168.0.198:3000
 --------------------------------------
          UI: http://localhost:3001
 UI External: http://192.168.0.198:3001
 --------------------------------------
[Browsersync] Serving files from: ./
[Browsersync] Watching files...
[Browsersync] Reloading Browsers...
[Browsersync] Reloading Browsers...
[Browsersync] Reloading Browsers...
[Browsersync] Reloading Browsers...
[Browsersync] File event [change] : style.css
[Browsersync] File event [change] : style.css
[Browsersync] File event [change] : style.css
